<?xml version="1.0" encoding="UTF-8"?>
<testng-results ignored="0" total="2" passed="2" failed="0" skipped="0">
  <reporter-output>
  </reporter-output>
  <suite started-at="2022-09-29T13:18:20 IST" name="Suite" finished-at="2022-09-29T13:20:09 IST" duration-ms="108931">
    <groups>
    </groups>
    <test started-at="2022-09-29T13:18:20 IST" name="Test" finished-at="2022-09-29T13:20:09 IST" duration-ms="108931">
      <class name="com.testng.Parallel">
        <test-method signature="batman()[pri:0, instance:com.testng.Parallel@6392827e]" started-at="2022-09-29T13:18:20 IST" name="batman" finished-at="2022-09-29T13:20:09 IST" duration-ms="108857" status="PASS">
          <reporter-output>
          </reporter-output>
        </test-method> <!-- batman -->
        <test-method signature="wonderWoman()[pri:0, instance:com.testng.Parallel@6392827e]" started-at="2022-09-29T13:18:20 IST" name="wonderWoman" finished-at="2022-09-29T13:19:39 IST" duration-ms="78686" status="PASS">
          <reporter-output>
          </reporter-output>
        </test-method> <!-- wonderWoman -->
      </class> <!-- com.testng.Parallel -->
    </test> <!-- Test -->
  </suite> <!-- Suite -->
</testng-results>
